{"C:\\Users\\Lenovo\\OneDrive\\Documents\\eatwell\\backend\\src\\lib\\ingredientGroup.ts": {"path":"C:\\Users\\Lenovo\\OneDrive\\Documents\\eatwell\\backend\\src\\lib\\ingredientGroup.ts","statementMap":{"0":{"start":{"line":246,"column":0},"end":{"line":246,"column":16}},"1":{"start":{"line":14,"column":66},"end":{"line":244,"column":2}},"2":{"start":{"line":247,"column":16},"end":{"line":247,"column":34}},"3":{"start":{"line":248,"column":2},"end":{"line":250,"column":3}},"4":{"start":{"line":249,"column":4},"end":{"line":249,"column":64}},"5":{"start":{"line":249,"column":30},"end":{"line":249,"column":48}},"6":{"start":{"line":249,"column":51},"end":{"line":249,"column":64}},"7":{"start":{"line":251,"column":2},"end":{"line":251,"column":17}}},"fnMap":{"0":{"name":"categorizeIngredient","decl":{"start":{"line":246,"column":16},"end":{"line":246,"column":36}},"loc":{"start":{"line":246,"column":49},"end":{"line":252,"column":1}}},"1":{"name":"(anonymous_1)","decl":{"start":{"line":249,"column":22},"end":{"line":249,"column":23}},"loc":{"start":{"line":249,"column":30},"end":{"line":249,"column":48}}}},"branchMap":{"0":{"loc":{"start":{"line":249,"column":4},"end":{"line":249,"column":64}},"type":"if","locations":[{"start":{"line":249,"column":4},"end":{"line":249,"column":64}},{"start":{},"end":{}}]}},"s":{"0":2,"1":2,"2":9,"3":9,"4":41,"5":717,"6":7,"7":2},"f":{"0":9,"1":717},"b":{"0":[7,34]}}
,"C:\\Users\\Lenovo\\OneDrive\\Documents\\eatwell\\backend\\src\\lib\\mealdbIngredients.ts": {"path":"C:\\Users\\Lenovo\\OneDrive\\Documents\\eatwell\\backend\\src\\lib\\mealdbIngredients.ts","statementMap":{"0":{"start":{"line":19,"column":0},"end":{"line":19,"column":7}},"1":{"start":{"line":1,"column":0},"end":{"line":1,"column":35}},"2":{"start":{"line":2,"column":0},"end":{"line":2,"column":62}},"3":{"start":{"line":3,"column":0},"end":{"line":3,"column":57}},"4":{"start":{"line":4,"column":0},"end":{"line":4,"column":null}},"5":{"start":{"line":9,"column":20},"end":{"line":9,"column":77}},"6":{"start":{"line":24,"column":15},"end":{"line":24,"column":63}},"7":{"start":{"line":25,"column":16},"end":{"line":25,"column":32}},"8":{"start":{"line":27,"column":16},"end":{"line":27,"column":17}},"9":{"start":{"line":28,"column":16},"end":{"line":28,"column":17}},"10":{"start":{"line":30,"column":2},"end":{"line":59,"column":3}},"11":{"start":{"line":31,"column":23},"end":{"line":31,"column":48}},"12":{"start":{"line":32,"column":4},"end":{"line":32,"column":30}},"13":{"start":{"line":32,"column":21},"end":{"line":32,"column":30}},"14":{"start":{"line":34,"column":22},"end":{"line":34,"column":52}},"15":{"start":{"line":35,"column":18},"end":{"line":35,"column":44}},"16":{"start":{"line":36,"column":18},"end":{"line":36,"column":50}},"17":{"start":{"line":37,"column":19},"end":{"line":37,"column":48}},"18":{"start":{"line":39,"column":21},"end":{"line":39,"column":79}},"19":{"start":{"line":41,"column":4},"end":{"line":58,"column":5}},"20":{"start":{"line":42,"column":6},"end":{"line":48,"column":9}},"21":{"start":{"line":49,"column":6},"end":{"line":49,"column":19}},"22":{"start":{"line":51,"column":44},"end":{"line":51,"column":46}},"23":{"start":{"line":52,"column":6},"end":{"line":52,"column":56}},"24":{"start":{"line":52,"column":36},"end":{"line":52,"column":56}},"25":{"start":{"line":53,"column":6},"end":{"line":53,"column":79}},"26":{"start":{"line":53,"column":59},"end":{"line":53,"column":79}},"27":{"start":{"line":54,"column":6},"end":{"line":57,"column":7}},"28":{"start":{"line":55,"column":8},"end":{"line":55,"column":79}},"29":{"start":{"line":56,"column":8},"end":{"line":56,"column":21}},"30":{"start":{"line":61,"column":2},"end":{"line":61,"column":51}}},"fnMap":{"0":{"name":"syncMealDbIngredients","decl":{"start":{"line":19,"column":22},"end":{"line":19,"column":43}},"loc":{"start":{"line":19,"column":43},"end":{"line":62,"column":1}}}},"branchMap":{"0":{"loc":{"start":{"line":25,"column":16},"end":{"line":25,"column":32}},"type":"binary-expr","locations":[{"start":{"line":25,"column":16},"end":{"line":25,"column":26}},{"start":{"line":25,"column":30},"end":{"line":25,"column":32}}]},"1":{"loc":{"start":{"line":32,"column":4},"end":{"line":32,"column":30}},"type":"if","locations":[{"start":{"line":32,"column":4},"end":{"line":32,"column":30}},{"start":{},"end":{}}]},"2":{"loc":{"start":{"line":35,"column":18},"end":{"line":35,"column":44}},"type":"binary-expr","locations":[{"start":{"line":35,"column":18},"end":{"line":35,"column":38}},{"start":{"line":35,"column":42},"end":{"line":35,"column":44}}]},"3":{"loc":{"start":{"line":41,"column":4},"end":{"line":58,"column":5}},"type":"if","locations":[{"start":{"line":41,"column":4},"end":{"line":58,"column":5}},{"start":{"line":50,"column":11},"end":{"line":58,"column":5}}]},"4":{"loc":{"start":{"line":45,"column":16},"end":{"line":45,"column":36}},"type":"binary-expr","locations":[{"start":{"line":45,"column":16},"end":{"line":45,"column":22}},{"start":{"line":45,"column":26},"end":{"line":45,"column":36}}]},"5":{"loc":{"start":{"line":52,"column":6},"end":{"line":52,"column":56}},"type":"if","locations":[{"start":{"line":52,"column":6},"end":{"line":52,"column":56}},{"start":{},"end":{}}]},"6":{"loc":{"start":{"line":52,"column":10},"end":{"line":52,"column":34}},"type":"binary-expr","locations":[{"start":{"line":52,"column":10},"end":{"line":52,"column":25}},{"start":{"line":52,"column":29},"end":{"line":52,"column":34}}]},"7":{"loc":{"start":{"line":53,"column":6},"end":{"line":53,"column":79}},"type":"if","locations":[{"start":{"line":53,"column":6},"end":{"line":53,"column":79}},{"start":{},"end":{}}]},"8":{"loc":{"start":{"line":53,"column":10},"end":{"line":53,"column":57}},"type":"binary-expr","locations":[{"start":{"line":53,"column":10},"end":{"line":53,"column":36}},{"start":{"line":53,"column":40},"end":{"line":53,"column":57}}]},"9":{"loc":{"start":{"line":54,"column":6},"end":{"line":57,"column":7}},"type":"if","locations":[{"start":{"line":54,"column":6},"end":{"line":57,"column":7}},{"start":{},"end":{}}]}},"s":{"0":1,"1":1,"2":1,"3":1,"4":1,"5":1,"6":5,"7":5,"8":5,"9":5,"10":5,"11":5,"12":5,"13":1,"14":4,"15":4,"16":4,"17":4,"18":4,"19":4,"20":2,"21":2,"22":2,"23":2,"24":1,"25":2,"26":1,"27":2,"28":1,"29":1,"30":5},"f":{"0":5},"b":{"0":[5,1],"1":[1,4],"2":[4,0],"3":[2,2],"4":[2,1],"5":[1,1],"6":[2,1],"7":[1,1],"8":[2,1],"9":[1,1]}}
,"C:\\Users\\Lenovo\\OneDrive\\Documents\\eatwell\\backend\\src\\lib\\passwordReset.ts": {"path":"C:\\Users\\Lenovo\\OneDrive\\Documents\\eatwell\\backend\\src\\lib\\passwordReset.ts","statementMap":{"0":{"start":{"line":18,"column":0},"end":{"line":18,"column":7}},"1":{"start":{"line":62,"column":0},"end":{"line":62,"column":7}},"2":{"start":{"line":99,"column":0},"end":{"line":99,"column":7}},"3":{"start":{"line":1,"column":0},"end":{"line":1,"column":30}},"4":{"start":{"line":2,"column":0},"end":{"line":2,"column":67}},"5":{"start":{"line":3,"column":0},"end":{"line":3,"column":43}},"6":{"start":{"line":4,"column":0},"end":{"line":4,"column":52}},"7":{"start":{"line":6,"column":27},"end":{"line":6,"column":33}},"8":{"start":{"line":7,"column":21},"end":{"line":7,"column":22}},"9":{"start":{"line":10,"column":18},"end":{"line":10,"column":74}},"10":{"start":{"line":11,"column":2},"end":{"line":11,"column":75}},"11":{"start":{"line":15,"column":2},"end":{"line":15,"column":57}},"12":{"start":{"line":19,"column":26},"end":{"line":19,"column":52}},"13":{"start":{"line":20,"column":15},"end":{"line":23,"column":4}},"14":{"start":{"line":25,"column":2},"end":{"line":27,"column":3}},"15":{"start":{"line":26,"column":4},"end":{"line":26,"column":36}},"16":{"start":{"line":29,"column":19},"end":{"line":29,"column":82}},"17":{"start":{"line":30,"column":2},"end":{"line":35,"column":3}},"18":{"start":{"line":34,"column":4},"end":{"line":34,"column":63}},"19":{"start":{"line":37,"column":15},"end":{"line":37,"column":32}},"20":{"start":{"line":38,"column":18},"end":{"line":38,"column":45}},"21":{"start":{"line":39,"column":20},"end":{"line":39,"column":53}},"22":{"start":{"line":41,"column":2},"end":{"line":51,"column":4}},"23":{"start":{"line":53,"column":2},"end":{"line":57,"column":5}},"24":{"start":{"line":59,"column":2},"end":{"line":59,"column":59}},"25":{"start":{"line":63,"column":26},"end":{"line":63,"column":52}},"26":{"start":{"line":64,"column":17},"end":{"line":64,"column":80}},"27":{"start":{"line":66,"column":2},"end":{"line":68,"column":3}},"28":{"start":{"line":67,"column":4},"end":{"line":67,"column":65}},"29":{"start":{"line":70,"column":2},"end":{"line":73,"column":3}},"30":{"start":{"line":71,"column":4},"end":{"line":71,"column":70}},"31":{"start":{"line":72,"column":4},"end":{"line":72,"column":65}},"32":{"start":{"line":75,"column":2},"end":{"line":77,"column":3}},"33":{"start":{"line":76,"column":4},"end":{"line":76,"column":71}},"34":{"start":{"line":79,"column":16},"end":{"line":79,"column":57}},"35":{"start":{"line":80,"column":2},"end":{"line":86,"column":3}},"36":{"start":{"line":81,"column":4},"end":{"line":84,"column":6}},"37":{"start":{"line":85,"column":4},"end":{"line":85,"column":65}},"38":{"start":{"line":88,"column":15},"end":{"line":91,"column":4}},"39":{"start":{"line":92,"column":2},"end":{"line":94,"column":3}},"40":{"start":{"line":93,"column":4},"end":{"line":93,"column":65}},"41":{"start":{"line":96,"column":2},"end":{"line":96,"column":57}},"42":{"start":{"line":100,"column":2},"end":{"line":100,"column":79}}},"fnMap":{"0":{"name":"otpTtlMs","decl":{"start":{"line":9,"column":9},"end":{"line":9,"column":17}},"loc":{"start":{"line":9,"column":17},"end":{"line":12,"column":1}}},"1":{"name":"generateOtpCode","decl":{"start":{"line":14,"column":9},"end":{"line":14,"column":24}},"loc":{"start":{"line":14,"column":24},"end":{"line":16,"column":1}}},"2":{"name":"requestPasswordResetOtp","decl":{"start":{"line":18,"column":22},"end":{"line":18,"column":45}},"loc":{"start":{"line":18,"column":59},"end":{"line":60,"column":1}}},"3":{"name":"verifyPasswordResetOtp","decl":{"start":{"line":62,"column":22},"end":{"line":62,"column":44}},"loc":{"start":{"line":62,"column":71},"end":{"line":97,"column":1}}},"4":{"name":"clearPasswordResetOtp","decl":{"start":{"line":99,"column":22},"end":{"line":99,"column":43}},"loc":{"start":{"line":99,"column":57},"end":{"line":101,"column":1}}}},"branchMap":{"0":{"loc":{"start":{"line":10,"column":25},"end":{"line":10,"column":73}},"type":"binary-expr","locations":[{"start":{"line":10,"column":25},"end":{"line":10,"column":67}},{"start":{"line":10,"column":71},"end":{"line":10,"column":73}}]},"1":{"loc":{"start":{"line":11,"column":10},"end":{"line":11,"column":64}},"type":"cond-expr","locations":[{"start":{"line":11,"column":52},"end":{"line":11,"column":59}},{"start":{"line":11,"column":62},"end":{"line":11,"column":64}}]},"2":{"loc":{"start":{"line":11,"column":10},"end":{"line":11,"column":49}},"type":"binary-expr","locations":[{"start":{"line":11,"column":10},"end":{"line":11,"column":34}},{"start":{"line":11,"column":38},"end":{"line":11,"column":49}}]},"3":{"loc":{"start":{"line":25,"column":2},"end":{"line":27,"column":3}},"type":"if","locations":[{"start":{"line":25,"column":2},"end":{"line":27,"column":3}},{"start":{},"end":{}}]},"4":{"loc":{"start":{"line":30,"column":2},"end":{"line":35,"column":3}},"type":"if","locations":[{"start":{"line":30,"column":2},"end":{"line":35,"column":3}},{"start":{},"end":{}}]},"5":{"loc":{"start":{"line":31,"column":4},"end":{"line":32,"column":67}},"type":"binary-expr","locations":[{"start":{"line":31,"column":4},"end":{"line":31,"column":24}},{"start":{"line":32,"column":4},"end":{"line":32,"column":67}}]},"6":{"loc":{"start":{"line":55,"column":10},"end":{"line":55,"column":25}},"type":"binary-expr","locations":[{"start":{"line":55,"column":10},"end":{"line":55,"column":19}},{"start":{"line":55,"column":23},"end":{"line":55,"column":25}}]},"7":{"loc":{"start":{"line":66,"column":2},"end":{"line":68,"column":3}},"type":"if","locations":[{"start":{"line":66,"column":2},"end":{"line":68,"column":3}},{"start":{},"end":{}}]},"8":{"loc":{"start":{"line":70,"column":2},"end":{"line":73,"column":3}},"type":"if","locations":[{"start":{"line":70,"column":2},"end":{"line":73,"column":3}},{"start":{},"end":{}}]},"9":{"loc":{"start":{"line":75,"column":2},"end":{"line":77,"column":3}},"type":"if","locations":[{"start":{"line":75,"column":2},"end":{"line":77,"column":3}},{"start":{},"end":{}}]},"10":{"loc":{"start":{"line":80,"column":2},"end":{"line":86,"column":3}},"type":"if","locations":[{"start":{"line":80,"column":2},"end":{"line":86,"column":3}},{"start":{},"end":{}}]},"11":{"loc":{"start":{"line":92,"column":2},"end":{"line":94,"column":3}},"type":"if","locations":[{"start":{"line":92,"column":2},"end":{"line":94,"column":3}},{"start":{},"end":{}}]}},"s":{"0":2,"1":2,"2":2,"3":2,"4":2,"5":2,"6":2,"7":2,"8":2,"9":2,"10":2,"11":2,"12":5,"13":5,"14":5,"15":2,"16":3,"17":3,"18":1,"19":2,"20":2,"21":2,"22":2,"23":2,"24":2,"25":8,"26":8,"27":8,"28":1,"29":7,"30":1,"31":1,"32":6,"33":1,"34":5,"35":5,"36":2,"37":2,"38":3,"39":3,"40":1,"41":2,"42":2},"f":{"0":2,"1":2,"2":5,"3":8,"4":2},"b":{"0":[2,2],"1":[2,0],"2":[2,2],"3":[2,3],"4":[1,2],"5":[3,1],"6":[2,0],"7":[1,7],"8":[1,6],"9":[1,5],"10":[2,3],"11":[1,2]}}
,"C:\\Users\\Lenovo\\OneDrive\\Documents\\eatwell\\backend\\src\\lib\\userResponse.ts": {"path":"C:\\Users\\Lenovo\\OneDrive\\Documents\\eatwell\\backend\\src\\lib\\userResponse.ts","statementMap":{"0":{"start":{"line":3,"column":0},"end":{"line":3,"column":16}},"1":{"start":{"line":4,"column":2},"end":{"line":11,"column":4}}},"fnMap":{"0":{"name":"toPublicUser","decl":{"start":{"line":3,"column":16},"end":{"line":3,"column":28}},"loc":{"start":{"line":3,"column":58},"end":{"line":12,"column":1}}}},"branchMap":{"0":{"loc":{"start":{"line":9,"column":15},"end":{"line":9,"column":35}},"type":"binary-expr","locations":[{"start":{"line":9,"column":15},"end":{"line":9,"column":29}},{"start":{"line":9,"column":33},"end":{"line":9,"column":35}}]},"1":{"loc":{"start":{"line":10,"column":15},"end":{"line":10,"column":35}},"type":"binary-expr","locations":[{"start":{"line":10,"column":15},"end":{"line":10,"column":29}},{"start":{"line":10,"column":33},"end":{"line":10,"column":35}}]}},"s":{"0":1,"1":2},"f":{"0":2},"b":{"0":[2,2],"1":[2,2]}}
,"C:\\Users\\Lenovo\\OneDrive\\Documents\\eatwell\\backend\\src\\middleware\\auth.ts": {"path":"C:\\Users\\Lenovo\\OneDrive\\Documents\\eatwell\\backend\\src\\middleware\\auth.ts","statementMap":{"0":{"start":{"line":8,"column":0},"end":{"line":8,"column":16}},"1":{"start":{"line":24,"column":0},"end":{"line":24,"column":16}},"2":{"start":{"line":2,"column":0},"end":{"line":2,"column":48}},"3":{"start":{"line":9,"column":17},"end":{"line":9,"column":42}},"4":{"start":{"line":11,"column":4},"end":{"line":11,"column":87}},"5":{"start":{"line":13,"column":2},"end":{"line":13,"column":69}},"6":{"start":{"line":13,"column":14},"end":{"line":13,"column":69}},"7":{"start":{"line":15,"column":2},"end":{"line":21,"column":3}},"8":{"start":{"line":16,"column":20},"end":{"line":16,"column":44}},"9":{"start":{"line":17,"column":4},"end":{"line":17,"column":59}},"10":{"start":{"line":18,"column":4},"end":{"line":18,"column":18}},"11":{"start":{"line":20,"column":4},"end":{"line":20,"column":59}},"12":{"start":{"line":25,"column":2},"end":{"line":29,"column":4}},"13":{"start":{"line":26,"column":4},"end":{"line":26,"column":74}},"14":{"start":{"line":26,"column":19},"end":{"line":26,"column":74}},"15":{"start":{"line":27,"column":4},"end":{"line":27,"column":92}},"16":{"start":{"line":27,"column":40},"end":{"line":27,"column":92}},"17":{"start":{"line":28,"column":4},"end":{"line":28,"column":18}}},"fnMap":{"0":{"name":"requireAuth","decl":{"start":{"line":8,"column":16},"end":{"line":8,"column":27}},"loc":{"start":{"line":8,"column":88},"end":{"line":22,"column":1}}},"1":{"name":"requireRole","decl":{"start":{"line":24,"column":16},"end":{"line":24,"column":27}},"loc":{"start":{"line":24,"column":43},"end":{"line":30,"column":1}}},"2":{"name":"(anonymous_2)","decl":{"start":{"line":25,"column":9},"end":{"line":25,"column":10}},"loc":{"start":{"line":25,"column":74},"end":{"line":29,"column":3}}}},"branchMap":{"0":{"loc":{"start":{"line":11,"column":4},"end":{"line":11,"column":87}},"type":"cond-expr","locations":[{"start":{"line":11,"column":45},"end":{"line":11,"column":82}},{"start":{"line":11,"column":85},"end":{"line":11,"column":87}}]},"1":{"loc":{"start":{"line":11,"column":4},"end":{"line":11,"column":42}},"type":"binary-expr","locations":[{"start":{"line":11,"column":4},"end":{"line":11,"column":10}},{"start":{"line":11,"column":14},"end":{"line":11,"column":42}}]},"2":{"loc":{"start":{"line":13,"column":2},"end":{"line":13,"column":69}},"type":"if","locations":[{"start":{"line":13,"column":2},"end":{"line":13,"column":69}},{"start":{},"end":{}}]},"3":{"loc":{"start":{"line":26,"column":4},"end":{"line":26,"column":74}},"type":"if","locations":[{"start":{"line":26,"column":4},"end":{"line":26,"column":74}},{"start":{},"end":{}}]},"4":{"loc":{"start":{"line":27,"column":4},"end":{"line":27,"column":92}},"type":"if","locations":[{"start":{"line":27,"column":4},"end":{"line":27,"column":92}},{"start":{},"end":{}}]}},"s":{"0":3,"1":3,"2":3,"3":9,"4":9,"5":9,"6":2,"7":7,"8":7,"9":6,"10":6,"11":1,"12":5,"13":8,"14":1,"15":7,"16":2,"17":5},"f":{"0":9,"1":5,"2":8},"b":{"0":[7,2],"1":[9,7],"2":[2,7],"3":[1,7],"4":[2,5]}}
,"C:\\Users\\Lenovo\\OneDrive\\Documents\\eatwell\\backend\\src\\models\\IngredientCatalog.ts": {"path":"C:\\Users\\Lenovo\\OneDrive\\Documents\\eatwell\\backend\\src\\models\\IngredientCatalog.ts","statementMap":{"0":{"start":{"line":29,"column":0},"end":{"line":29,"column":16}},"1":{"start":{"line":1,"column":0},"end":{"line":1,"column":58}},"2":{"start":{"line":3,"column":32},"end":{"line":18,"column":null}},"3":{"start":{"line":21,"column":0},"end":{"line":21,"column":70}},"4":{"start":{"line":25,"column":13},"end":{"line":27,"column":63}},"5":{"start":{"line":30,"column":2},"end":{"line":30,"column":35}}},"fnMap":{"0":{"name":"normalizeMealDbKey","decl":{"start":{"line":29,"column":16},"end":{"line":29,"column":34}},"loc":{"start":{"line":29,"column":47},"end":{"line":31,"column":1}}}},"branchMap":{"0":{"loc":{"start":{"line":26,"column":3},"end":{"line":27,"column":62}},"type":"binary-expr","locations":[{"start":{"line":26,"column":3},"end":{"line":26,"column":74}},{"start":{"line":27,"column":2},"end":{"line":27,"column":62}}]}},"s":{"0":1,"1":1,"2":1,"3":1,"4":1,"5":2},"f":{"0":2},"b":{"0":[1,1]}}
,"C:\\Users\\Lenovo\\OneDrive\\Documents\\eatwell\\backend\\src\\routes\\ingredients.ts": {"path":"C:\\Users\\Lenovo\\OneDrive\\Documents\\eatwell\\backend\\src\\routes\\ingredients.ts","statementMap":{"0":{"start":{"line":1,"column":0},"end":{"line":1,"column":33}},"1":{"start":{"line":2,"column":0},"end":{"line":2,"column":62}},"2":{"start":{"line":3,"column":0},"end":{"line":3,"column":65}},"3":{"start":{"line":4,"column":0},"end":{"line":4,"column":null}},"4":{"start":{"line":9,"column":13},"end":{"line":9,"column":42}},"5":{"start":{"line":18,"column":2},"end":{"line":24,"column":4}},"6":{"start":{"line":27,"column":0},"end":{"line":56,"column":3}},"7":{"start":{"line":28,"column":12},"end":{"line":28,"column":69}},"8":{"start":{"line":29,"column":16},"end":{"line":31,"column":null}},"9":{"start":{"line":34,"column":14},"end":{"line":34,"column":67}},"10":{"start":{"line":35,"column":2},"end":{"line":38,"column":3}},"11":{"start":{"line":36,"column":4},"end":{"line":36,"column":34}},"12":{"start":{"line":37,"column":4},"end":{"line":37,"column":66}},"13":{"start":{"line":40,"column":17},"end":{"line":48,"column":8}},"14":{"start":{"line":50,"column":16},"end":{"line":53,"column":11}},"15":{"start":{"line":55,"column":2},"end":{"line":55,"column":61}},"16":{"start":{"line":58,"column":0},"end":{"line":90,"column":3}},"17":{"start":{"line":59,"column":16},"end":{"line":63,"column":8}},"18":{"start":{"line":61,"column":36},"end":{"line":61,"column":80}},"19":{"start":{"line":62,"column":20},"end":{"line":62,"column":28}},"20":{"start":{"line":65,"column":2},"end":{"line":67,"column":3}},"21":{"start":{"line":66,"column":4},"end":{"line":66,"column":94}},"22":{"start":{"line":69,"column":15},"end":{"line":69,"column":58}},"23":{"start":{"line":70,"column":15},"end":{"line":75,"column":11}},"24":{"start":{"line":77,"column":73},"end":{"line":77,"column":75}},"25":{"start":{"line":78,"column":2},"end":{"line":87,"column":3}},"26":{"start":{"line":79,"column":16},"end":{"line":79,"column":40}},"27":{"start":{"line":81,"column":6},"end":{"line":82,"column":73}},"28":{"start":{"line":81,"column":23},"end":{"line":81,"column":42}},"29":{"start":{"line":82,"column":23},"end":{"line":82,"column":72}},"30":{"start":{"line":83,"column":4},"end":{"line":86,"column":6}},"31":{"start":{"line":89,"column":2},"end":{"line":89,"column":30}},"32":{"start":{"line":92,"column":0},"end":{"line":100,"column":2}},"33":{"start":{"line":97,"column":19},"end":{"line":97,"column":48}},"34":{"start":{"line":98,"column":4},"end":{"line":98,"column":28}},"35":{"start":{"line":102,"column":0},"end":{"line":126,"column":2}},"36":{"start":{"line":107,"column":19},"end":{"line":107,"column":39}},"37":{"start":{"line":108,"column":22},"end":{"line":109,"column":null}},"38":{"start":{"line":112,"column":6},"end":{"line":112,"column":72}},"39":{"start":{"line":113,"column":4},"end":{"line":115,"column":5}},"40":{"start":{"line":114,"column":6},"end":{"line":114,"column":65}},"41":{"start":{"line":117,"column":16},"end":{"line":121,"column":12}},"42":{"start":{"line":123,"column":4},"end":{"line":123,"column":66}},"43":{"start":{"line":123,"column":14},"end":{"line":123,"column":66}},"44":{"start":{"line":124,"column":4},"end":{"line":124,"column":32}}},"fnMap":{"0":{"name":"toDto","decl":{"start":{"line":11,"column":9},"end":{"line":11,"column":14}},"loc":{"start":{"line":17,"column":1},"end":{"line":25,"column":1}}},"1":{"name":"(anonymous_1)","decl":{"start":{"line":27,"column":27},"end":{"line":27,"column":32}},"loc":{"start":{"line":27,"column":46},"end":{"line":56,"column":1}}},"2":{"name":"(anonymous_2)","decl":{"start":{"line":58,"column":34},"end":{"line":58,"column":39}},"loc":{"start":{"line":58,"column":53},"end":{"line":90,"column":1}}},"3":{"name":"(anonymous_3)","decl":{"start":{"line":61,"column":16},"end":{"line":61,"column":17}},"loc":{"start":{"line":61,"column":36},"end":{"line":61,"column":80}}},"4":{"name":"(anonymous_4)","decl":{"start":{"line":62,"column":13},"end":{"line":62,"column":14}},"loc":{"start":{"line":62,"column":20},"end":{"line":62,"column":28}}},"5":{"name":"(anonymous_5)","decl":{"start":{"line":81,"column":16},"end":{"line":81,"column":17}},"loc":{"start":{"line":81,"column":23},"end":{"line":81,"column":42}}},"6":{"name":"(anonymous_6)","decl":{"start":{"line":82,"column":16},"end":{"line":82,"column":17}},"loc":{"start":{"line":82,"column":23},"end":{"line":82,"column":72}}},"7":{"name":"(anonymous_7)","decl":{"start":{"line":96,"column":2},"end":{"line":96,"column":7}},"loc":{"start":{"line":96,"column":22},"end":{"line":99,"column":3}}},"8":{"name":"(anonymous_8)","decl":{"start":{"line":106,"column":2},"end":{"line":106,"column":7}},"loc":{"start":{"line":106,"column":21},"end":{"line":125,"column":3}}}},"branchMap":{"0":{"loc":{"start":{"line":28,"column":12},"end":{"line":28,"column":69}},"type":"cond-expr","locations":[{"start":{"line":28,"column":46},"end":{"line":28,"column":64}},{"start":{"line":28,"column":67},"end":{"line":28,"column":69}}]},"1":{"loc":{"start":{"line":30,"column":13},"end":{"line":30,"column":66}},"type":"binary-expr","locations":[{"start":{"line":30,"column":13},"end":{"line":30,"column":59}},{"start":{"line":30,"column":63},"end":{"line":30,"column":66}}]},"2":{"loc":{"start":{"line":30,"column":29},"end":{"line":30,"column":53}},"type":"binary-expr","locations":[{"start":{"line":30,"column":29},"end":{"line":30,"column":44}},{"start":{"line":30,"column":48},"end":{"line":30,"column":53}}]},"3":{"loc":{"start":{"line":35,"column":2},"end":{"line":38,"column":3}},"type":"if","locations":[{"start":{"line":35,"column":2},"end":{"line":38,"column":3}},{"start":{},"end":{}}]},"4":{"loc":{"start":{"line":40,"column":17},"end":{"line":48,"column":8}},"type":"cond-expr","locations":[{"start":{"line":41,"column":6},"end":{"line":47,"column":null}},{"start":{"line":48,"column":6},"end":{"line":48,"column":8}}]},"5":{"loc":{"start":{"line":59,"column":16},"end":{"line":63,"column":8}},"type":"cond-expr","locations":[{"start":{"line":60,"column":7},"end":{"line":62,"column":29}},{"start":{"line":63,"column":6},"end":{"line":63,"column":8}}]},"6":{"loc":{"start":{"line":61,"column":36},"end":{"line":61,"column":80}},"type":"binary-expr","locations":[{"start":{"line":61,"column":36},"end":{"line":61,"column":57}},{"start":{"line":61,"column":61},"end":{"line":61,"column":80}}]},"7":{"loc":{"start":{"line":65,"column":2},"end":{"line":67,"column":3}},"type":"if","locations":[{"start":{"line":65,"column":2},"end":{"line":67,"column":3}},{"start":{},"end":{}}]},"8":{"loc":{"start":{"line":81,"column":6},"end":{"line":82,"column":73}},"type":"binary-expr","locations":[{"start":{"line":81,"column":6},"end":{"line":81,"column":43}},{"start":{"line":82,"column":6},"end":{"line":82,"column":73}}]},"9":{"loc":{"start":{"line":84,"column":18},"end":{"line":84,"column":41}},"type":"binary-expr","locations":[{"start":{"line":84,"column":18},"end":{"line":84,"column":33}},{"start":{"line":84,"column":37},"end":{"line":84,"column":41}}]},"10":{"loc":{"start":{"line":85,"column":14},"end":{"line":85,"column":33}},"type":"binary-expr","locations":[{"start":{"line":85,"column":14},"end":{"line":85,"column":25}},{"start":{"line":85,"column":29},"end":{"line":85,"column":33}}]},"11":{"loc":{"start":{"line":109,"column":6},"end":{"line":109,"column":46}},"type":"cond-expr","locations":[{"start":{"line":109,"column":35},"end":{"line":109,"column":41}},{"start":{"line":109,"column":44},"end":{"line":109,"column":46}}]},"12":{"loc":{"start":{"line":112,"column":6},"end":{"line":112,"column":72}},"type":"cond-expr","locations":[{"start":{"line":112,"column":45},"end":{"line":112,"column":67}},{"start":{"line":112,"column":70},"end":{"line":112,"column":72}}]},"13":{"loc":{"start":{"line":113,"column":4},"end":{"line":115,"column":5}},"type":"if","locations":[{"start":{"line":113,"column":4},"end":{"line":115,"column":5}},{"start":{},"end":{}}]},"14":{"loc":{"start":{"line":113,"column":8},"end":{"line":113,"column":29}},"type":"binary-expr","locations":[{"start":{"line":113,"column":8},"end":{"line":113,"column":18}},{"start":{"line":113,"column":22},"end":{"line":113,"column":29}}]},"15":{"loc":{"start":{"line":123,"column":4},"end":{"line":123,"column":66}},"type":"if","locations":[{"start":{"line":123,"column":4},"end":{"line":123,"column":66}},{"start":{},"end":{}}]}},"s":{"0":1,"1":1,"2":1,"3":1,"4":1,"5":4,"6":1,"7":3,"8":3,"9":3,"10":3,"11":1,"12":1,"13":3,"14":3,"15":3,"16":1,"17":4,"18":3,"19":3,"20":4,"21":1,"22":3,"23":3,"24":3,"25":3,"26":3,"27":3,"28":2,"29":0,"30":3,"31":3,"32":1,"33":1,"34":1,"35":1,"36":3,"37":3,"38":3,"39":3,"40":1,"41":2,"42":2,"43":1,"44":1},"f":{"0":4,"1":3,"2":4,"3":3,"4":3,"5":2,"6":0,"7":1,"8":3},"b":{"0":[1,2],"1":[3,0],"2":[3,3],"3":[1,2],"4":[1,2],"5":[4,0],"6":[3,3],"7":[1,3],"8":[3,1],"9":[3,1],"10":[3,1],"11":[3,0],"12":[3,0],"13":[1,2],"14":[3,3],"15":[1,1]}}
}
