{"C:\\Users\\Lenovo\\OneDrive\\Documents\\eatwell\\backend\\src\\middleware\\auth.ts": {"path":"C:\\Users\\Lenovo\\OneDrive\\Documents\\eatwell\\backend\\src\\middleware\\auth.ts","statementMap":{"0":{"start":{"line":8,"column":0},"end":{"line":8,"column":16}},"1":{"start":{"line":24,"column":0},"end":{"line":24,"column":16}},"2":{"start":{"line":2,"column":0},"end":{"line":2,"column":48}},"3":{"start":{"line":9,"column":17},"end":{"line":9,"column":42}},"4":{"start":{"line":11,"column":4},"end":{"line":11,"column":87}},"5":{"start":{"line":13,"column":2},"end":{"line":13,"column":69}},"6":{"start":{"line":13,"column":14},"end":{"line":13,"column":69}},"7":{"start":{"line":15,"column":2},"end":{"line":21,"column":3}},"8":{"start":{"line":16,"column":20},"end":{"line":16,"column":44}},"9":{"start":{"line":17,"column":4},"end":{"line":17,"column":59}},"10":{"start":{"line":18,"column":4},"end":{"line":18,"column":18}},"11":{"start":{"line":20,"column":4},"end":{"line":20,"column":59}},"12":{"start":{"line":25,"column":2},"end":{"line":29,"column":4}},"13":{"start":{"line":26,"column":4},"end":{"line":26,"column":74}},"14":{"start":{"line":26,"column":19},"end":{"line":26,"column":74}},"15":{"start":{"line":27,"column":4},"end":{"line":27,"column":92}},"16":{"start":{"line":27,"column":40},"end":{"line":27,"column":92}},"17":{"start":{"line":28,"column":4},"end":{"line":28,"column":18}}},"fnMap":{"0":{"name":"requireAuth","decl":{"start":{"line":8,"column":16},"end":{"line":8,"column":27}},"loc":{"start":{"line":8,"column":88},"end":{"line":22,"column":1}}},"1":{"name":"requireRole","decl":{"start":{"line":24,"column":16},"end":{"line":24,"column":27}},"loc":{"start":{"line":24,"column":43},"end":{"line":30,"column":1}}},"2":{"name":"(anonymous_2)","decl":{"start":{"line":25,"column":9},"end":{"line":25,"column":10}},"loc":{"start":{"line":25,"column":74},"end":{"line":29,"column":3}}}},"branchMap":{"0":{"loc":{"start":{"line":11,"column":4},"end":{"line":11,"column":87}},"type":"cond-expr","locations":[{"start":{"line":11,"column":45},"end":{"line":11,"column":82}},{"start":{"line":11,"column":85},"end":{"line":11,"column":87}}]},"1":{"loc":{"start":{"line":11,"column":4},"end":{"line":11,"column":42}},"type":"binary-expr","locations":[{"start":{"line":11,"column":4},"end":{"line":11,"column":10}},{"start":{"line":11,"column":14},"end":{"line":11,"column":42}}]},"2":{"loc":{"start":{"line":13,"column":2},"end":{"line":13,"column":69}},"type":"if","locations":[{"start":{"line":13,"column":2},"end":{"line":13,"column":69}},{"start":{},"end":{}}]},"3":{"loc":{"start":{"line":26,"column":4},"end":{"line":26,"column":74}},"type":"if","locations":[{"start":{"line":26,"column":4},"end":{"line":26,"column":74}},{"start":{},"end":{}}]},"4":{"loc":{"start":{"line":27,"column":4},"end":{"line":27,"column":92}},"type":"if","locations":[{"start":{"line":27,"column":4},"end":{"line":27,"column":92}},{"start":{},"end":{}}]}},"s":{"0":1,"1":1,"2":1,"3":0,"4":0,"5":0,"6":0,"7":0,"8":0,"9":0,"10":0,"11":0,"12":0,"13":0,"14":0,"15":0,"16":0,"17":0},"f":{"0":0,"1":0,"2":0},"b":{"0":[0,0],"1":[0,0],"2":[0,0],"3":[0,0],"4":[0,0]}}
,"C:\\Users\\Lenovo\\OneDrive\\Documents\\eatwell\\backend\\src\\routes\\auth.ts": {"path":"C:\\Users\\Lenovo\\OneDrive\\Documents\\eatwell\\backend\\src\\routes\\auth.ts","statementMap":{"0":{"start":{"line":1,"column":0},"end":{"line":1,"column":33}},"1":{"start":{"line":2,"column":0},"end":{"line":2,"column":30}},"2":{"start":{"line":3,"column":0},"end":{"line":3,"column":51}},"3":{"start":{"line":4,"column":0},"end":{"line":4,"column":58}},"4":{"start":{"line":5,"column":0},"end":{"line":5,"column":73}},"5":{"start":{"line":6,"column":0},"end":{"line":6,"column":46}},"6":{"start":{"line":7,"column":0},"end":{"line":7,"column":76}},"7":{"start":{"line":9,"column":13},"end":{"line":9,"column":35}},"8":{"start":{"line":10,"column":13},"end":{"line":10,"column":75}},"9":{"start":{"line":12,"column":0},"end":{"line":68,"column":3}},"10":{"start":{"line":13,"column":42},"end":{"line":13,"column":56}},"11":{"start":{"line":15,"column":2},"end":{"line":17,"column":3}},"12":{"start":{"line":16,"column":4},"end":{"line":16,"column":79}},"13":{"start":{"line":18,"column":2},"end":{"line":22,"column":3}},"14":{"start":{"line":19,"column":4},"end":{"line":21,"column":62}},"15":{"start":{"line":24,"column":26},"end":{"line":24,"column":52}},"16":{"start":{"line":26,"column":23},"end":{"line":26,"column":74}},"17":{"start":{"line":27,"column":2},"end":{"line":29,"column":3}},"18":{"start":{"line":28,"column":4},"end":{"line":28,"column":67}},"19":{"start":{"line":31,"column":23},"end":{"line":31,"column":54}},"20":{"start":{"line":33,"column":4},"end":{"line":35,"column":14}},"21":{"start":{"line":37,"column":2},"end":{"line":67,"column":3}},"22":{"start":{"line":38,"column":17},"end":{"line":43,"column":6}},"23":{"start":{"line":45,"column":4},"end":{"line":50,"column":5}},"24":{"start":{"line":46,"column":6},"end":{"line":49,"column":9}},"25":{"start":{"line":52,"column":18},"end":{"line":52,"column":77}},"26":{"start":{"line":53,"column":4},"end":{"line":61,"column":7}},"27":{"start":{"line":63,"column":4},"end":{"line":65,"column":5}},"28":{"start":{"line":64,"column":6},"end":{"line":64,"column":69}},"29":{"start":{"line":66,"column":4},"end":{"line":66,"column":12}},"30":{"start":{"line":70,"column":0},"end":{"line":98,"column":3}},"31":{"start":{"line":71,"column":30},"end":{"line":71,"column":44}},"32":{"start":{"line":72,"column":2},"end":{"line":74,"column":3}},"33":{"start":{"line":73,"column":4},"end":{"line":73,"column":79}},"34":{"start":{"line":75,"column":2},"end":{"line":79,"column":3}},"35":{"start":{"line":76,"column":4},"end":{"line":78,"column":62}},"36":{"start":{"line":81,"column":15},"end":{"line":81,"column":77}},"37":{"start":{"line":82,"column":2},"end":{"line":83,"column":66}},"38":{"start":{"line":83,"column":4},"end":{"line":83,"column":66}},"39":{"start":{"line":85,"column":13},"end":{"line":85,"column":62}},"40":{"start":{"line":86,"column":2},"end":{"line":86,"column":73}},"41":{"start":{"line":86,"column":11},"end":{"line":86,"column":73}},"42":{"start":{"line":88,"column":16},"end":{"line":88,"column":75}},"43":{"start":{"line":89,"column":2},"end":{"line":97,"column":5}},"44":{"start":{"line":100,"column":0},"end":{"line":155,"column":3}},"45":{"start":{"line":101,"column":22},"end":{"line":101,"column":36}},"46":{"start":{"line":102,"column":2},"end":{"line":106,"column":3}},"47":{"start":{"line":103,"column":4},"end":{"line":105,"column":61}},"48":{"start":{"line":107,"column":2},"end":{"line":109,"column":3}},"49":{"start":{"line":108,"column":4},"end":{"line":108,"column":71}},"50":{"start":{"line":118,"column":2},"end":{"line":126,"column":3}},"51":{"start":{"line":119,"column":19},"end":{"line":122,"column":6}},"52":{"start":{"line":123,"column":4},"end":{"line":123,"column":34}},"53":{"start":{"line":125,"column":4},"end":{"line":125,"column":67}},"54":{"start":{"line":128,"column":16},"end":{"line":128,"column":52}},"55":{"start":{"line":129,"column":2},"end":{"line":129,"column":78}},"56":{"start":{"line":129,"column":14},"end":{"line":129,"column":78}},"57":{"start":{"line":131,"column":13},"end":{"line":131,"column":47}},"58":{"start":{"line":132,"column":2},"end":{"line":140,"column":3}},"59":{"start":{"line":133,"column":4},"end":{"line":139,"column":7}},"60":{"start":{"line":142,"column":2},"end":{"line":143,"column":66}},"61":{"start":{"line":143,"column":4},"end":{"line":143,"column":66}},"62":{"start":{"line":145,"column":16},"end":{"line":145,"column":75}},"63":{"start":{"line":146,"column":2},"end":{"line":154,"column":5}},"64":{"start":{"line":157,"column":0},"end":{"line":163,"column":3}},"65":{"start":{"line":158,"column":15},"end":{"line":159,"column":null}},"66":{"start":{"line":161,"column":2},"end":{"line":161,"column":65}},"67":{"start":{"line":161,"column":13},"end":{"line":161,"column":65}},"68":{"start":{"line":162,"column":2},"end":{"line":162,"column":24}},"69":{"start":{"line":165,"column":0},"end":{"line":187,"column":2}},"70":{"start":{"line":169,"column":26},"end":{"line":169,"column":40}},"71":{"start":{"line":171,"column":4},"end":{"line":175,"column":5}},"72":{"start":{"line":172,"column":6},"end":{"line":174,"column":65}},"73":{"start":{"line":177,"column":17},"end":{"line":181,"column":29}},"74":{"start":{"line":183,"column":4},"end":{"line":183,"column":67}},"75":{"start":{"line":183,"column":15},"end":{"line":183,"column":67}},"76":{"start":{"line":185,"column":4},"end":{"line":185,"column":26}}},"fnMap":{"0":{"name":"(anonymous_1)","decl":{"start":{"line":12,"column":27},"end":{"line":12,"column":32}},"loc":{"start":{"line":12,"column":46},"end":{"line":68,"column":1}}},"1":{"name":"(anonymous_2)","decl":{"start":{"line":70,"column":26},"end":{"line":70,"column":31}},"loc":{"start":{"line":70,"column":45},"end":{"line":98,"column":1}}},"2":{"name":"(anonymous_3)","decl":{"start":{"line":100,"column":27},"end":{"line":100,"column":32}},"loc":{"start":{"line":100,"column":46},"end":{"line":155,"column":1}}},"3":{"name":"(anonymous_4)","decl":{"start":{"line":157,"column":35},"end":{"line":157,"column":40}},"loc":{"start":{"line":157,"column":76},"end":{"line":163,"column":1}}},"4":{"name":"(anonymous_5)","decl":{"start":{"line":168,"column":2},"end":{"line":168,"column":7}},"loc":{"start":{"line":168,"column":43},"end":{"line":186,"column":3}}}},"branchMap":{"0":{"loc":{"start":{"line":13,"column":42},"end":{"line":13,"column":56}},"type":"binary-expr","locations":[{"start":{"line":13,"column":42},"end":{"line":13,"column":50}},{"start":{"line":13,"column":54},"end":{"line":13,"column":56}}]},"1":{"loc":{"start":{"line":15,"column":2},"end":{"line":17,"column":3}},"type":"if","locations":[{"start":{"line":15,"column":2},"end":{"line":17,"column":3}},{"start":{},"end":{}}]},"2":{"loc":{"start":{"line":15,"column":6},"end":{"line":15,"column":41}},"type":"binary-expr","locations":[{"start":{"line":15,"column":6},"end":{"line":15,"column":12}},{"start":{"line":15,"column":16},"end":{"line":15,"column":41}}]},"3":{"loc":{"start":{"line":18,"column":2},"end":{"line":22,"column":3}},"type":"if","locations":[{"start":{"line":18,"column":2},"end":{"line":22,"column":3}},{"start":{},"end":{}}]},"4":{"loc":{"start":{"line":18,"column":6},"end":{"line":18,"column":70}},"type":"binary-expr","locations":[{"start":{"line":18,"column":6},"end":{"line":18,"column":15}},{"start":{"line":18,"column":19},"end":{"line":18,"column":47}},{"start":{"line":18,"column":51},"end":{"line":18,"column":70}}]},"5":{"loc":{"start":{"line":27,"column":2},"end":{"line":29,"column":3}},"type":"if","locations":[{"start":{"line":27,"column":2},"end":{"line":29,"column":3}},{"start":{},"end":{}}]},"6":{"loc":{"start":{"line":33,"column":4},"end":{"line":35,"column":14}},"type":"cond-expr","locations":[{"start":{"line":34,"column":8},"end":{"line":34,"column":12}},{"start":{"line":35,"column":8},"end":{"line":35,"column":14}}]},"7":{"loc":{"start":{"line":33,"column":4},"end":{"line":33,"column":66}},"type":"binary-expr","locations":[{"start":{"line":33,"column":4},"end":{"line":33,"column":27}},{"start":{"line":33,"column":31},"end":{"line":33,"column":47}},{"start":{"line":33,"column":51},"end":{"line":33,"column":66}}]},"8":{"loc":{"start":{"line":41,"column":12},"end":{"line":41,"column":48}},"type":"cond-expr","locations":[{"start":{"line":41,"column":39},"end":{"line":41,"column":43}},{"start":{"line":41,"column":46},"end":{"line":41,"column":48}}]},"9":{"loc":{"start":{"line":45,"column":4},"end":{"line":50,"column":5}},"type":"if","locations":[{"start":{"line":45,"column":4},"end":{"line":50,"column":5}},{"start":{},"end":{}}]},"10":{"loc":{"start":{"line":63,"column":4},"end":{"line":65,"column":5}},"type":"if","locations":[{"start":{"line":63,"column":4},"end":{"line":65,"column":5}},{"start":{},"end":{}}]},"11":{"loc":{"start":{"line":63,"column":8},"end":{"line":63,"column":65}},"type":"binary-expr","locations":[{"start":{"line":63,"column":8},"end":{"line":63,"column":26}},{"start":{"line":63,"column":30},"end":{"line":63,"column":65}}]},"12":{"loc":{"start":{"line":71,"column":30},"end":{"line":71,"column":44}},"type":"binary-expr","locations":[{"start":{"line":71,"column":30},"end":{"line":71,"column":38}},{"start":{"line":71,"column":42},"end":{"line":71,"column":44}}]},"13":{"loc":{"start":{"line":72,"column":2},"end":{"line":74,"column":3}},"type":"if","locations":[{"start":{"line":72,"column":2},"end":{"line":74,"column":3}},{"start":{},"end":{}}]},"14":{"loc":{"start":{"line":72,"column":6},"end":{"line":72,"column":41}},"type":"binary-expr","locations":[{"start":{"line":72,"column":6},"end":{"line":72,"column":12}},{"start":{"line":72,"column":16},"end":{"line":72,"column":41}}]},"15":{"loc":{"start":{"line":75,"column":2},"end":{"line":79,"column":3}},"type":"if","locations":[{"start":{"line":75,"column":2},"end":{"line":79,"column":3}},{"start":{},"end":{}}]},"16":{"loc":{"start":{"line":75,"column":6},"end":{"line":75,"column":47}},"type":"binary-expr","locations":[{"start":{"line":75,"column":6},"end":{"line":75,"column":15}},{"start":{"line":75,"column":19},"end":{"line":75,"column":47}}]},"17":{"loc":{"start":{"line":82,"column":2},"end":{"line":83,"column":66}},"type":"if","locations":[{"start":{"line":82,"column":2},"end":{"line":83,"column":66}},{"start":{},"end":{}}]},"18":{"loc":{"start":{"line":82,"column":6},"end":{"line":82,"column":29}},"type":"binary-expr","locations":[{"start":{"line":82,"column":6},"end":{"line":82,"column":11}},{"start":{"line":82,"column":15},"end":{"line":82,"column":29}}]},"19":{"loc":{"start":{"line":86,"column":2},"end":{"line":86,"column":73}},"type":"if","locations":[{"start":{"line":86,"column":2},"end":{"line":86,"column":73}},{"start":{},"end":{}}]},"20":{"loc":{"start":{"line":101,"column":22},"end":{"line":101,"column":36}},"type":"binary-expr","locations":[{"start":{"line":101,"column":22},"end":{"line":101,"column":30}},{"start":{"line":101,"column":34},"end":{"line":101,"column":36}}]},"21":{"loc":{"start":{"line":102,"column":2},"end":{"line":106,"column":3}},"type":"if","locations":[{"start":{"line":102,"column":2},"end":{"line":106,"column":3}},{"start":{},"end":{}}]},"22":{"loc":{"start":{"line":102,"column":6},"end":{"line":102,"column":45}},"type":"binary-expr","locations":[{"start":{"line":102,"column":6},"end":{"line":102,"column":14}},{"start":{"line":102,"column":18},"end":{"line":102,"column":45}}]},"23":{"loc":{"start":{"line":107,"column":2},"end":{"line":109,"column":3}},"type":"if","locations":[{"start":{"line":107,"column":2},"end":{"line":109,"column":3}},{"start":{},"end":{}}]},"24":{"loc":{"start":{"line":129,"column":2},"end":{"line":129,"column":78}},"type":"if","locations":[{"start":{"line":129,"column":2},"end":{"line":129,"column":78}},{"start":{},"end":{}}]},"25":{"loc":{"start":{"line":132,"column":2},"end":{"line":140,"column":3}},"type":"if","locations":[{"start":{"line":132,"column":2},"end":{"line":140,"column":3}},{"start":{},"end":{}}]},"26":{"loc":{"start":{"line":136,"column":12},"end":{"line":136,"column":31}},"type":"binary-expr","locations":[{"start":{"line":136,"column":12},"end":{"line":136,"column":25}},{"start":{"line":136,"column":29},"end":{"line":136,"column":31}}]},"27":{"loc":{"start":{"line":142,"column":2},"end":{"line":143,"column":66}},"type":"if","locations":[{"start":{"line":142,"column":2},"end":{"line":143,"column":66}},{"start":{},"end":{}}]},"28":{"loc":{"start":{"line":161,"column":2},"end":{"line":161,"column":65}},"type":"if","locations":[{"start":{"line":161,"column":2},"end":{"line":161,"column":65}},{"start":{},"end":{}}]},"29":{"loc":{"start":{"line":169,"column":26},"end":{"line":169,"column":40}},"type":"binary-expr","locations":[{"start":{"line":169,"column":26},"end":{"line":169,"column":34}},{"start":{"line":169,"column":38},"end":{"line":169,"column":40}}]},"30":{"loc":{"start":{"line":171,"column":4},"end":{"line":175,"column":5}},"type":"if","locations":[{"start":{"line":171,"column":4},"end":{"line":175,"column":5}},{"start":{},"end":{}}]},"31":{"loc":{"start":{"line":183,"column":4},"end":{"line":183,"column":67}},"type":"if","locations":[{"start":{"line":183,"column":4},"end":{"line":183,"column":67}},{"start":{},"end":{}}]}},"s":{"0":1,"1":1,"2":1,"3":1,"4":1,"5":1,"6":1,"7":1,"8":1,"9":1,"10":1,"11":1,"12":0,"13":1,"14":0,"15":1,"16":1,"17":1,"18":0,"19":1,"20":1,"21":1,"22":1,"23":1,"24":1,"25":1,"26":1,"27":0,"28":0,"29":0,"30":1,"31":2,"32":2,"33":0,"34":2,"35":0,"36":2,"37":2,"38":1,"39":1,"40":1,"41":0,"42":1,"43":1,"44":1,"45":1,"46":1,"47":0,"48":1,"49":0,"50":1,"51":1,"52":1,"53":0,"54":1,"55":1,"56":0,"57":1,"58":1,"59":0,"60":1,"61":0,"62":1,"63":1,"64":1,"65":0,"66":0,"67":0,"68":0,"69":1,"70":0,"71":0,"72":0,"73":0,"74":0,"75":0,"76":0},"f":{"0":1,"1":2,"2":1,"3":0,"4":0},"b":{"0":[1,0],"1":[0,1],"2":[1,1],"3":[0,1],"4":[1,1,1],"5":[0,1],"6":[1,0],"7":[1,0,0],"8":[1,0],"9":[1,0],"10":[0,0],"11":[0,0],"12":[2,0],"13":[0,2],"14":[2,2],"15":[0,2],"16":[2,2],"17":[1,1],"18":[2,1],"19":[0,1],"20":[1,0],"21":[0,1],"22":[1,1],"23":[0,1],"24":[0,1],"25":[0,1],"26":[0,0],"27":[0,1],"28":[0,0],"29":[0,0],"30":[0,0],"31":[0,0]}}
}
