TN:
SF:src\middleware\auth.ts
FN:8,requireAuth
FN:24,requireRole
FN:25,(anonymous_2)
FNF:3
FNH:0
FNDA:0,requireAuth
FNDA:0,requireRole
FNDA:0,(anonymous_2)
DA:2,1
DA:8,1
DA:9,0
DA:11,0
DA:13,0
DA:15,0
DA:16,0
DA:17,0
DA:18,0
DA:20,0
DA:24,1
DA:25,0
DA:26,0
DA:27,0
DA:28,0
LF:15
LH:3
BRDA:11,0,0,0
BRDA:11,0,1,0
BRDA:11,1,0,0
BRDA:11,1,1,0
BRDA:13,2,0,0
BRDA:13,2,1,0
BRDA:26,3,0,0
BRDA:26,3,1,0
BRDA:27,4,0,0
BRDA:27,4,1,0
BRF:10
BRH:0
end_of_record
TN:
SF:src\routes\auth.ts
FN:12,(anonymous_1)
FN:70,(anonymous_2)
FN:100,(anonymous_3)
FN:157,(anonymous_4)
FN:168,(anonymous_5)
FNF:5
FNH:3
FNDA:1,(anonymous_1)
FNDA:2,(anonymous_2)
FNDA:1,(anonymous_3)
FNDA:0,(anonymous_4)
FNDA:0,(anonymous_5)
DA:1,1
DA:2,1
DA:3,1
DA:4,1
DA:5,1
DA:6,1
DA:7,1
DA:9,1
DA:10,1
DA:12,1
DA:13,1
DA:15,1
DA:16,0
DA:18,1
DA:19,0
DA:24,1
DA:26,1
DA:27,1
DA:28,0
DA:31,1
DA:33,1
DA:37,1
DA:38,1
DA:45,1
DA:46,1
DA:52,1
DA:53,1
DA:63,0
DA:64,0
DA:66,0
DA:70,1
DA:71,2
DA:72,2
DA:73,0
DA:75,2
DA:76,0
DA:81,2
DA:82,2
DA:83,1
DA:85,1
DA:86,1
DA:88,1
DA:89,1
DA:100,1
DA:101,1
DA:102,1
DA:103,0
DA:107,1
DA:108,0
DA:118,1
DA:119,1
DA:123,1
DA:125,0
DA:128,1
DA:129,1
DA:131,1
DA:132,1
DA:133,0
DA:142,1
DA:143,0
DA:145,1
DA:146,1
DA:157,1
DA:158,0
DA:161,0
DA:162,0
DA:165,1
DA:169,0
DA:171,0
DA:172,0
DA:177,0
DA:183,0
DA:185,0
LF:73
LH:51
BRDA:13,0,0,1
BRDA:13,0,1,0
BRDA:15,1,0,0
BRDA:15,1,1,1
BRDA:15,2,0,1
BRDA:15,2,1,1
BRDA:18,3,0,0
BRDA:18,3,1,1
BRDA:18,4,0,1
BRDA:18,4,1,1
BRDA:18,4,2,1
BRDA:27,5,0,0
BRDA:27,5,1,1
BRDA:33,6,0,1
BRDA:33,6,1,0
BRDA:33,7,0,1
BRDA:33,7,1,0
BRDA:33,7,2,0
BRDA:41,8,0,1
BRDA:41,8,1,0
BRDA:45,9,0,1
BRDA:45,9,1,0
BRDA:63,10,0,0
BRDA:63,10,1,0
BRDA:63,11,0,0
BRDA:63,11,1,0
BRDA:71,12,0,2
BRDA:71,12,1,0
BRDA:72,13,0,0
BRDA:72,13,1,2
BRDA:72,14,0,2
BRDA:72,14,1,2
BRDA:75,15,0,0
BRDA:75,15,1,2
BRDA:75,16,0,2
BRDA:75,16,1,2
BRDA:82,17,0,1
BRDA:82,17,1,1
BRDA:82,18,0,2
BRDA:82,18,1,1
BRDA:86,19,0,0
BRDA:86,19,1,1
BRDA:101,20,0,1
BRDA:101,20,1,0
BRDA:102,21,0,0
BRDA:102,21,1,1
BRDA:102,22,0,1
BRDA:102,22,1,1
BRDA:107,23,0,0
BRDA:107,23,1,1
BRDA:129,24,0,0
BRDA:129,24,1,1
BRDA:132,25,0,0
BRDA:132,25,1,1
BRDA:136,26,0,0
BRDA:136,26,1,0
BRDA:142,27,0,0
BRDA:142,27,1,1
BRDA:161,28,0,0
BRDA:161,28,1,0
BRDA:169,29,0,0
BRDA:169,29,1,0
BRDA:171,30,0,0
BRDA:171,30,1,0
BRDA:183,31,0,0
BRDA:183,31,1,0
BRF:66
BRH:33
end_of_record
