TN:
SF:src\lib\ingredientGroup.ts
FN:246,categorizeIngredient
FN:249,(anonymous_1)
FNF:2
FNH:2
FNDA:9,categorizeIngredient
FNDA:717,(anonymous_1)
DA:14,2
DA:246,2
DA:247,9
DA:248,9
DA:249,717
DA:251,2
LF:6
LH:6
BRDA:249,0,0,7
BRDA:249,0,1,34
BRF:2
BRH:2
end_of_record
TN:
SF:src\lib\mealdbIngredients.ts
FN:19,syncMealDbIngredients
FNF:1
FNH:1
FNDA:5,syncMealDbIngredients
DA:1,1
DA:2,1
DA:3,1
DA:4,1
DA:9,1
DA:19,1
DA:24,5
DA:25,5
DA:27,5
DA:28,5
DA:30,5
DA:31,5
DA:32,5
DA:34,4
DA:35,4
DA:36,4
DA:37,4
DA:39,4
DA:41,4
DA:42,2
DA:49,2
DA:51,2
DA:52,2
DA:53,2
DA:54,2
DA:55,1
DA:56,1
DA:61,5
LF:28
LH:28
BRDA:25,0,0,5
BRDA:25,0,1,1
BRDA:32,1,0,1
BRDA:32,1,1,4
BRDA:35,2,0,4
BRDA:35,2,1,0
BRDA:41,3,0,2
BRDA:41,3,1,2
BRDA:45,4,0,2
BRDA:45,4,1,1
BRDA:52,5,0,1
BRDA:52,5,1,1
BRDA:52,6,0,2
BRDA:52,6,1,1
BRDA:53,7,0,1
BRDA:53,7,1,1
BRDA:53,8,0,2
BRDA:53,8,1,1
BRDA:54,9,0,1
BRDA:54,9,1,1
BRF:20
BRH:19
end_of_record
TN:
SF:src\lib\passwordReset.ts
FN:9,otpTtlMs
FN:14,generateOtpCode
FN:18,requestPasswordResetOtp
FN:62,verifyPasswordResetOtp
FN:99,clearPasswordResetOtp
FNF:5
FNH:5
FNDA:2,otpTtlMs
FNDA:2,generateOtpCode
FNDA:5,requestPasswordResetOtp
FNDA:8,verifyPasswordResetOtp
FNDA:2,clearPasswordResetOtp
DA:1,2
DA:2,2
DA:3,2
DA:4,2
DA:6,2
DA:7,2
DA:10,2
DA:11,2
DA:15,2
DA:18,2
DA:19,5
DA:20,5
DA:25,5
DA:26,2
DA:29,3
DA:30,3
DA:34,1
DA:37,2
DA:38,2
DA:39,2
DA:41,2
DA:53,2
DA:59,2
DA:62,2
DA:63,8
DA:64,8
DA:66,8
DA:67,1
DA:70,7
DA:71,1
DA:72,1
DA:75,6
DA:76,1
DA:79,5
DA:80,5
DA:81,2
DA:85,2
DA:88,3
DA:92,3
DA:93,1
DA:96,2
DA:99,2
DA:100,2
LF:43
LH:43
BRDA:10,0,0,2
BRDA:10,0,1,2
BRDA:11,1,0,2
BRDA:11,1,1,0
BRDA:11,2,0,2
BRDA:11,2,1,2
BRDA:25,3,0,2
BRDA:25,3,1,3
BRDA:30,4,0,1
BRDA:30,4,1,2
BRDA:31,5,0,3
BRDA:31,5,1,1
BRDA:55,6,0,2
BRDA:55,6,1,0
BRDA:66,7,0,1
BRDA:66,7,1,7
BRDA:70,8,0,1
BRDA:70,8,1,6
BRDA:75,9,0,1
BRDA:75,9,1,5
BRDA:80,10,0,2
BRDA:80,10,1,3
BRDA:92,11,0,1
BRDA:92,11,1,2
BRF:24
BRH:22
end_of_record
TN:
SF:src\lib\userResponse.ts
FN:3,toPublicUser
FNF:1
FNH:1
FNDA:2,toPublicUser
DA:3,1
DA:4,2
LF:2
LH:2
BRDA:9,0,0,2
BRDA:9,0,1,2
BRDA:10,1,0,2
BRDA:10,1,1,2
BRF:4
BRH:4
end_of_record
TN:
SF:src\middleware\auth.ts
FN:8,requireAuth
FN:24,requireRole
FN:25,(anonymous_2)
FNF:3
FNH:3
FNDA:9,requireAuth
FNDA:5,requireRole
FNDA:8,(anonymous_2)
DA:2,3
DA:8,3
DA:9,9
DA:11,9
DA:13,9
DA:15,7
DA:16,7
DA:17,6
DA:18,6
DA:20,1
DA:24,3
DA:25,5
DA:26,8
DA:27,7
DA:28,5
LF:15
LH:15
BRDA:11,0,0,7
BRDA:11,0,1,2
BRDA:11,1,0,9
BRDA:11,1,1,7
BRDA:13,2,0,2
BRDA:13,2,1,7
BRDA:26,3,0,1
BRDA:26,3,1,7
BRDA:27,4,0,2
BRDA:27,4,1,5
BRF:10
BRH:10
end_of_record
TN:
SF:src\models\IngredientCatalog.ts
FN:29,normalizeMealDbKey
FNF:1
FNH:1
FNDA:2,normalizeMealDbKey
DA:1,1
DA:3,1
DA:21,1
DA:25,1
DA:29,1
DA:30,2
LF:6
LH:6
BRDA:26,0,0,1
BRDA:26,0,1,1
BRF:2
BRH:2
end_of_record
TN:
SF:src\routes\ingredients.ts
FN:11,toDto
FN:27,(anonymous_1)
FN:58,(anonymous_2)
FN:61,(anonymous_3)
FN:62,(anonymous_4)
FN:81,(anonymous_5)
FN:82,(anonymous_6)
FN:96,(anonymous_7)
FN:106,(anonymous_8)
FNF:9
FNH:8
FNDA:4,toDto
FNDA:3,(anonymous_1)
FNDA:4,(anonymous_2)
FNDA:3,(anonymous_3)
FNDA:3,(anonymous_4)
FNDA:2,(anonymous_5)
FNDA:0,(anonymous_6)
FNDA:1,(anonymous_7)
FNDA:3,(anonymous_8)
DA:1,1
DA:2,1
DA:3,1
DA:4,1
DA:9,1
DA:18,4
DA:27,1
DA:28,3
DA:29,3
DA:34,3
DA:35,3
DA:36,1
DA:37,1
DA:40,3
DA:50,3
DA:55,3
DA:58,1
DA:59,4
DA:61,3
DA:62,3
DA:65,4
DA:66,1
DA:69,3
DA:70,3
DA:77,3
DA:78,3
DA:79,3
DA:81,3
DA:82,0
DA:83,3
DA:89,3
DA:92,1
DA:97,1
DA:98,1
DA:102,1
DA:107,3
DA:108,3
DA:112,3
DA:113,3
DA:114,1
DA:117,2
DA:123,2
DA:124,1
LF:43
LH:42
BRDA:28,0,0,1
BRDA:28,0,1,2
BRDA:30,1,0,3
BRDA:30,1,1,0
BRDA:30,2,0,3
BRDA:30,2,1,3
BRDA:35,3,0,1
BRDA:35,3,1,2
BRDA:40,4,0,1
BRDA:40,4,1,2
BRDA:59,5,0,4
BRDA:59,5,1,0
BRDA:61,6,0,3
BRDA:61,6,1,3
BRDA:65,7,0,1
BRDA:65,7,1,3
BRDA:81,8,0,3
BRDA:81,8,1,1
BRDA:84,9,0,3
BRDA:84,9,1,1
BRDA:85,10,0,3
BRDA:85,10,1,1
BRDA:109,11,0,3
BRDA:109,11,1,0
BRDA:112,12,0,3
BRDA:112,12,1,0
BRDA:113,13,0,1
BRDA:113,13,1,2
BRDA:113,14,0,3
BRDA:113,14,1,3
BRDA:123,15,0,1
BRDA:123,15,1,1
BRF:32
BRH:28
end_of_record
